<?xml version="1.0" encoding="UTF-8"?>
<!-- Generated by org.testng.reporters.JUnitReportReporter -->
<testsuite skipped="0" hostname="BLR-P7112368L" name="HelloWorld" tests="1" failures="0" timestamp="23 Dec 2019 21:55:20 GMT" time="0.007" errors="0">
  <testcase name="test" time="0.007" classname="HelloWorld"/>
</testsuite> <!-- HelloWorld -->
